# JRE version: Java(TM) SE Runtime Environment (12.0.1+12) (build 12.0.1+12)
# Java VM: Java HotSpot(TM) 64-Bit Server VM (12.0.1+12, mixed mode, sharing, tiered, compressed oops, g1 gc, windows-amd64)
Heap:
 garbage-first heap   total 1007616K, used 676143K [0x0000000602200000, 0x0000000800000000)
  region size 2048K, 74 young (151552K), 1 survivors (2048K)
 Metaspace       used 16705K, capacity 17394K, committed 17536K, reserved 1064960K
  class space    used 2056K, capacity 2340K, committed 2432K, reserved 1048576K
GC Heap History (10 events):
Event: 18.967 GC heap before
{Heap before GC invocations=36 (full 0):
 garbage-first heap   total 806912K, used 479052K [0x0000000602200000, 0x0000000800000000)
  region size 2048K, 2 young (4096K), 1 survivors (2048K)
 Metaspace       used 16449K, capacity 17093K, committed 17280K, reserved 1064960K
  class space    used 2046K, capacity 2326K, committed 2432K, reserved 1048576K
}
Event: 18.968 GC heap after
{Heap after GC invocations=37 (full 0):
 garbage-first heap   total 806912K, used 479054K [0x0000000602200000, 0x0000000800000000)
  region size 2048K, 1 young (2048K), 1 survivors (2048K)
 Metaspace       used 16449K, capacity 17093K, committed 17280K, reserved 1064960K
  class space    used 2046K, capacity 2326K, committed 2432K, reserved 1048576K
}
Event: 19.026 GC heap before
{Heap before GC invocations=38 (full 0):
 garbage-first heap   total 833536K, used 495438K [0x0000000602200000, 0x0000000800000000)
  region size 2048K, 2 young (4096K), 1 survivors (2048K)
 Metaspace       used 16460K, capacity 17099K, committed 17280K, reserved 1064960K
  class space    used 2047K, capacity 2327K, committed 2432K, reserved 1048576K
}
Event: 19.028 GC heap after
{Heap after GC invocations=39 (full 0):
 garbage-first heap   total 1007616K, used 495481K [0x0000000602200000, 0x0000000800000000)
  region size 2048K, 1 young (2048K), 1 survivors (2048K)
 Metaspace       used 16460K, capacity 17099K, committed 17280K, reserved 1064960K
  class space    used 2047K, capacity 2327K, committed 2432K, reserved 1048576K
}
Event: 27.258 GC heap before
{Heap before GC invocations=40 (full 0):
 garbage-first heap   total 1007616K, used 520057K [0x0000000602200000, 0x0000000800000000)
  region size 2048K, 6 young (12288K), 1 survivors (2048K)
 Metaspace       used 16657K, capacity 17382K, committed 17536K, reserved 1064960K
  class space    used 2052K, capacity 2337K, committed 2432K, reserved 1048576K
}
Event: 27.259 GC heap after
{Heap after GC invocations=41 (full 0):
 garbage-first heap   total 1007616K, used 512206K [0x0000000602200000, 0x0000000800000000)
  region size 2048K, 1 young (2048K), 1 survivors (2048K)
 Metaspace       used 16657K, capacity 17382K, committed 17536K, reserved 1064960K
  class space    used 2052K, capacity 2337K, committed 2432K, reserved 1048576K
}
Event: 29.618 GC heap before
{Heap before GC invocations=42 (full 0):
 garbage-first heap   total 1007616K, used 553166K [0x0000000602200000, 0x0000000800000000)
  region size 2048K, 22 young (45056K), 1 survivors (2048K)
 Metaspace       used 16678K, capacity 17382K, committed 17536K, reserved 1064960K
  class space    used 2053K, capacity 2337K, committed 2432K, reserved 1048576K
}
Event: 29.619 GC heap after
{Heap after GC invocations=43 (full 0):
 garbage-first heap   total 1007616K, used 512278K [0x0000000602200000, 0x0000000800000000)
  region size 2048K, 1 young (2048K), 1 survivors (2048K)
 Metaspace       used 16678K, capacity 17382K, committed 17536K, reserved 1064960K
  class space    used 2053K, capacity 2337K, committed 2432K, reserved 1048576K
}
Event: 29.694 GC heap before
{Heap before GC invocations=44 (full 0):
 garbage-first heap   total 1007616K, used 530710K [0x0000000602200000, 0x0000000800000000)
  region size 2048K, 3 young (6144K), 1 survivors (2048K)
 Metaspace       used 16690K, capacity 17388K, committed 17536K, reserved 1064960K
  class space    used 2053K, capacity 2338K, committed 2432K, reserved 1048576K
}
Event: 29.695 GC heap after
{Heap after GC invocations=45 (full 0):
 garbage-first heap   total 1007616K, used 526639K [0x0000000602200000, 0x0000000800000000)
  region size 2048K, 1 young (2048K), 1 survivors (2048K)
 Metaspace       used 16690K, capacity 17388K, committed 17536K, reserved 1064960K
  class space    used 2053K, capacity 2338K, committed 2432K, reserved 1048576K
}

